[35m[1mConsolidate compiler generated dependencies of target dnn_node_sample[0m
[ 33%] [32mBuilding CXX object CMakeFiles/dnn_node_sample.dir/src/sample.cpp.o[0m
[ 66%] [32m[1mLinking CXX executable dnn_node_sample[0m
[100%] Built target dnn_node_sample
-- Install configuration: ""
-- Installing: /home/sunrise/example/install/dnn_node_sample/lib/dnn_node_sample/dnn_node_sample
-- Set runtime path of "/home/sunrise/example/install/dnn_node_sample/lib/dnn_node_sample/dnn_node_sample" to ""
-- Up-to-date: /home/sunrise/example/install/dnn_node_sample/lib/dnn_node_sample/config/
-- Up-to-date: /home/sunrise/example/install/dnn_node_sample/lib/dnn_node_sample/config//target.jpg
-- Up-to-date: /home/sunrise/example/install/dnn_node_sample/lib/dnn_node_sample/config//result.jpg
-- Up-to-date: /home/sunrise/example/install/dnn_node_sample/lib/dnn_node_sample/config//yolov8_x5_640x640_rgb.bin
-- Up-to-date: /home/sunrise/example/install/dnn_node_sample/lib/dnn_node_sample/config//yolov8_x5_640x640_nv12_v2.bin
-- Up-to-date: /home/sunrise/example/install/dnn_node_sample/share/dnn_node_sample/launch
-- Up-to-date: /home/sunrise/example/install/dnn_node_sample/share/dnn_node_sample/launch/dnn_node_sample.launch.py
-- Up-to-date: /home/sunrise/example/install/dnn_node_sample/share/ament_index/resource_index/package_run_dependencies/dnn_node_sample
-- Up-to-date: /home/sunrise/example/install/dnn_node_sample/share/ament_index/resource_index/parent_prefix_path/dnn_node_sample
-- Up-to-date: /home/sunrise/example/install/dnn_node_sample/share/dnn_node_sample/environment/ament_prefix_path.sh
-- Up-to-date: /home/sunrise/example/install/dnn_node_sample/share/dnn_node_sample/environment/ament_prefix_path.dsv
-- Up-to-date: /home/sunrise/example/install/dnn_node_sample/share/dnn_node_sample/environment/path.sh
-- Up-to-date: /home/sunrise/example/install/dnn_node_sample/share/dnn_node_sample/environment/path.dsv
-- Up-to-date: /home/sunrise/example/install/dnn_node_sample/share/dnn_node_sample/local_setup.bash
-- Up-to-date: /home/sunrise/example/install/dnn_node_sample/share/dnn_node_sample/local_setup.sh
-- Up-to-date: /home/sunrise/example/install/dnn_node_sample/share/dnn_node_sample/local_setup.zsh
-- Up-to-date: /home/sunrise/example/install/dnn_node_sample/share/dnn_node_sample/local_setup.dsv
-- Installing: /home/sunrise/example/install/dnn_node_sample/share/dnn_node_sample/package.dsv
-- Up-to-date: /home/sunrise/example/install/dnn_node_sample/share/ament_index/resource_index/packages/dnn_node_sample
-- Up-to-date: /home/sunrise/example/install/dnn_node_sample/share/dnn_node_sample/cmake/dnn_node_sampleConfig.cmake
-- Up-to-date: /home/sunrise/example/install/dnn_node_sample/share/dnn_node_sample/cmake/dnn_node_sampleConfig-version.cmake
-- Up-to-date: /home/sunrise/example/install/dnn_node_sample/share/dnn_node_sample/package.xml
