[0.048s] Invoking command in '/home/sunrise/example/build/dnn_node_sample': CMAKE_PREFIX_PATH=${CMAKE_PREFIX_PATH}:/opt/tros/humble:/opt/ros/humble /usr/bin/cmake --build /home/sunrise/example/build/dnn_node_sample -- -j8 -l8
[0.269s] [35m[1mConsolidate compiler generated dependencies of target dnn_node_sample[0m
[0.381s] [ 33%] [32mBuilding CXX object CMakeFiles/dnn_node_sample.dir/src/sample.cpp.o[0m
[0.382s] [ 66%] [32mBuilding CXX object CMakeFiles/dnn_node_sample.dir/src/parser.cpp.o[0m
[18.227s] In file included from [01m[K/opt/ros/humble/include/rclcpp/rclcpp/logging.hpp:24[m[K,
[18.228s]                  from [01m[K/opt/ros/humble/include/rclcpp/rclcpp/client.hpp:40[m[K,
[18.228s]                  from [01m[K/opt/ros/humble/include/rclcpp/rclcpp/callback_group.hpp:24[m[K,
[18.229s]                  from [01m[K/opt/ros/humble/include/rclcpp/rclcpp/any_executable.hpp:20[m[K,
[18.229s]                  from [01m[K/opt/ros/humble/include/rclcpp/rclcpp/memory_strategy.hpp:25[m[K,
[18.230s]                  from [01m[K/opt/ros/humble/include/rclcpp/rclcpp/memory_strategies.hpp:18[m[K,
[18.230s]                  from [01m[K/opt/ros/humble/include/rclcpp/rclcpp/executor_options.hpp:20[m[K,
[18.230s]                  from [01m[K/opt/ros/humble/include/rclcpp/rclcpp/executor.hpp:37[m[K,
[18.231s]                  from [01m[K/opt/ros/humble/include/rclcpp/rclcpp/executors/multi_threaded_executor.hpp:25[m[K,
[18.231s]                  from [01m[K/opt/ros/humble/include/rclcpp/rclcpp/executors.hpp:21[m[K,
[18.232s]                  from [01m[K/opt/ros/humble/include/rclcpp/rclcpp/rclcpp.hpp:155[m[K,
[18.232s]                  from [01m[K/opt/tros/humble/include/dnn_node/dnn_node_data.h:23[m[K,
[18.233s]                  from [01m[K/opt/tros/humble/include/dnn_node/dnn_node.h:22[m[K,
[18.233s]                  from [01m[K/home/sunrise/example/src/hobot_dnn-develop/dnn_node_sample/src/sample.cpp:2[m[K:
[18.233s] [01m[K/home/sunrise/example/src/hobot_dnn-develop/dnn_node_sample/src/sample.cpp:[m[K In member function ‘[01m[Kvirtual int DNNNodeSample::PostProcess(const std::shared_ptr<hobot::dnn_node::DnnNodeOutput>&)[m[K’:
[18.234s] [01m[K/home/sunrise/example/src/hobot_dnn-develop/dnn_node_sample/src/sample.cpp:328:19:[m[K [01;35m[Kwarning: [m[Kformat ‘[01m[K%d[m[K’ expects argument of type ‘[01m[Kint[m[K’, but argument 8 has type ‘[01m[Klong int[m[K’ [[01;35m[K-Wformat=[m[K]
[18.234s]   328 |                   [01;35m[K"input fps: %.2f, out fps: %.2f, infer time ms: %d, "[m[K
[18.235s]       |                   [01;35m[K^~~~~~~~~~~~~~~~~~~~~~~~~~~~~~~~~~~~~~~~~~~~~~~~~~~~~[m[K
[18.235s]   329 | [01;35m[K                  "post process time ms: %d"[m[K,
[18.236s]       |                   [01;35m[K~~~~~~~~~~~~~~~~~~~~~~~~~~[m[K
[18.236s] ......
[18.236s]   333 |                   [32m[Kinterval[m[K);
[18.237s]       |                   [32m[K~~~~~~~~[m[K
[18.237s]       |                   [32m[K|[m[K
[18.238s]       |                   [32m[Klong int[m[K
[18.238s] [01m[K/home/sunrise/example/src/hobot_dnn-develop/dnn_node_sample/src/sample.cpp:329:43:[m[K [01;36m[Knote: [m[Kformat string is defined here
[18.238s]   329 |                   "post process time ms: [01;36m[K%d[m[K",
[18.239s]       |                                          [01;36m[K~^[m[K
[18.239s]       |                                           [01;36m[K|[m[K
[18.240s]       |                                           [01;36m[Kint[m[K
[18.240s]       |                                          [32m[K%ld[m[K
[33.705s] [100%] [32m[1mLinking CXX executable dnn_node_sample[0m
[37.694s] [100%] Built target dnn_node_sample
[37.755s] Invoked command in '/home/sunrise/example/build/dnn_node_sample' returned '0': CMAKE_PREFIX_PATH=${CMAKE_PREFIX_PATH}:/opt/tros/humble:/opt/ros/humble /usr/bin/cmake --build /home/sunrise/example/build/dnn_node_sample -- -j8 -l8
[37.821s] Invoking command in '/home/sunrise/example/build/dnn_node_sample': CMAKE_PREFIX_PATH=${CMAKE_PREFIX_PATH}:/opt/tros/humble:/opt/ros/humble /usr/bin/cmake --install /home/sunrise/example/build/dnn_node_sample
[37.856s] -- Install configuration: ""
[37.857s] -- Installing: /home/sunrise/example/install/dnn_node_sample/lib/dnn_node_sample/dnn_node_sample
[37.867s] -- Set runtime path of "/home/sunrise/example/install/dnn_node_sample/lib/dnn_node_sample/dnn_node_sample" to ""
[37.868s] -- Up-to-date: /home/sunrise/example/install/dnn_node_sample/lib/dnn_node_sample/config/
[37.868s] -- Up-to-date: /home/sunrise/example/install/dnn_node_sample/lib/dnn_node_sample/config//target.jpg
[37.869s] -- Installing: /home/sunrise/example/install/dnn_node_sample/lib/dnn_node_sample/config//result.jpg
[37.870s] -- Up-to-date: /home/sunrise/example/install/dnn_node_sample/lib/dnn_node_sample/config//yolov8_x5_640x640_rgb.bin
[37.870s] -- Up-to-date: /home/sunrise/example/install/dnn_node_sample/lib/dnn_node_sample/config//yolov8_x5_640x640_nv12_v2.bin
[37.871s] -- Up-to-date: /home/sunrise/example/install/dnn_node_sample/lib/dnn_node_sample/config//1.jpg
[37.871s] -- Up-to-date: /home/sunrise/example/install/dnn_node_sample/share/dnn_node_sample/launch
[37.872s] -- Up-to-date: /home/sunrise/example/install/dnn_node_sample/share/dnn_node_sample/launch/dnn_node_sample.launch.py
[37.873s] -- Up-to-date: /home/sunrise/example/install/dnn_node_sample/share/ament_index/resource_index/package_run_dependencies/dnn_node_sample
[37.874s] -- Up-to-date: /home/sunrise/example/install/dnn_node_sample/share/ament_index/resource_index/parent_prefix_path/dnn_node_sample
[37.874s] -- Up-to-date: /home/sunrise/example/install/dnn_node_sample/share/dnn_node_sample/environment/ament_prefix_path.sh
[37.875s] -- Up-to-date: /home/sunrise/example/install/dnn_node_sample/share/dnn_node_sample/environment/ament_prefix_path.dsv
[37.875s] -- Up-to-date: /home/sunrise/example/install/dnn_node_sample/share/dnn_node_sample/environment/path.sh
[37.876s] -- Up-to-date: /home/sunrise/example/install/dnn_node_sample/share/dnn_node_sample/environment/path.dsv
[37.876s] -- Up-to-date: /home/sunrise/example/install/dnn_node_sample/share/dnn_node_sample/local_setup.bash
[37.877s] -- Up-to-date: /home/sunrise/example/install/dnn_node_sample/share/dnn_node_sample/local_setup.sh
[37.877s] -- Up-to-date: /home/sunrise/example/install/dnn_node_sample/share/dnn_node_sample/local_setup.zsh
[37.878s] -- Up-to-date: /home/sunrise/example/install/dnn_node_sample/share/dnn_node_sample/local_setup.dsv
[37.878s] -- Installing: /home/sunrise/example/install/dnn_node_sample/share/dnn_node_sample/package.dsv
[37.879s] -- Up-to-date: /home/sunrise/example/install/dnn_node_sample/share/ament_index/resource_index/packages/dnn_node_sample
[37.879s] -- Up-to-date: /home/sunrise/example/install/dnn_node_sample/share/dnn_node_sample/cmake/dnn_node_sampleConfig.cmake
[37.879s] -- Up-to-date: /home/sunrise/example/install/dnn_node_sample/share/dnn_node_sample/cmake/dnn_node_sampleConfig-version.cmake
[37.880s] -- Up-to-date: /home/sunrise/example/install/dnn_node_sample/share/dnn_node_sample/package.xml
[37.888s] Invoked command in '/home/sunrise/example/build/dnn_node_sample' returned '0': CMAKE_PREFIX_PATH=${CMAKE_PREFIX_PATH}:/opt/tros/humble:/opt/ros/humble /usr/bin/cmake --install /home/sunrise/example/build/dnn_node_sample
