[0.671s] DEBUG:colcon:Command line arguments: ['/usr/bin/colcon', 'build', '--packages-select', 'dnn_node_sample', '--cmake-args', '-DPLATFORM_X5=ON']
[0.671s] DEBUG:colcon:Parsed command line arguments: Namespace(log_base=None, log_level=None, verb_name='build', build_base='build', install_base='install', merge_install=False, symlink_install=False, test_result_base=None, continue_on_error=False, executor='parallel', parallel_workers=8, event_handlers=None, ignore_user_meta=False, metas=['./colcon.meta'], base_paths=['.'], packages_ignore=None, packages_ignore_regex=None, paths=None, packages_up_to=None, packages_up_to_regex=None, packages_above=None, packages_above_and_dependencies=None, packages_above_depth=None, packages_select_by_dep=None, packages_skip_by_dep=None, packages_skip_up_to=None, packages_select_build_failed=False, packages_skip_build_finished=False, packages_select_test_failures=False, packages_skip_test_passed=False, packages_select=['dnn_node_sample'], packages_skip=None, packages_select_regex=None, packages_skip_regex=None, packages_start=None, packages_end=None, allow_overriding=[], cmake_args=['-DPLATFORM_X5=ON'], cmake_target=None, cmake_target_skip_unavailable=False, cmake_clean_cache=False, cmake_clean_first=False, cmake_force_configure=False, ament_cmake_args=None, catkin_cmake_args=None, catkin_skip_building_tests=False, verb_parser=<colcon_defaults.argument_parser.defaults.DefaultArgumentsDecorator object at 0xffffb0aa8d60>, verb_extension=<colcon_core.verb.build.BuildVerb object at 0xffffb0aa8850>, main=<bound method BuildVerb.main of <colcon_core.verb.build.BuildVerb object at 0xffffb0aa8850>>)
[0.925s] Level 1:colcon.colcon_core.package_discovery:discover_packages(colcon_meta) check parameters
[0.925s] Level 1:colcon.colcon_core.package_discovery:discover_packages(recursive) check parameters
[0.926s] Level 1:colcon.colcon_core.package_discovery:discover_packages(ignore) check parameters
[0.926s] Level 1:colcon.colcon_core.package_discovery:discover_packages(path) check parameters
[0.926s] Level 1:colcon.colcon_core.package_discovery:discover_packages(colcon_meta) discover
[0.927s] Level 1:colcon.colcon_core.package_discovery:discover_packages(recursive) discover
[0.927s] INFO:colcon.colcon_core.package_discovery:Crawling recursively for packages in '/home/sunrise/example'
[0.928s] Level 1:colcon.colcon_core.package_identification:_identify(.) by extensions ['ignore', 'ignore_ament_install']
[0.928s] Level 1:colcon.colcon_core.package_identification:_identify(.) by extension 'ignore'
[0.928s] Level 1:colcon.colcon_core.package_identification:_identify(.) by extension 'ignore_ament_install'
[0.929s] Level 1:colcon.colcon_core.package_identification:_identify(.) by extensions ['colcon_pkg']
[0.929s] Level 1:colcon.colcon_core.package_identification:_identify(.) by extension 'colcon_pkg'
[0.929s] Level 1:colcon.colcon_core.package_identification:_identify(.) by extensions ['colcon_meta']
[0.930s] Level 1:colcon.colcon_core.package_identification:_identify(.) by extension 'colcon_meta'
[0.930s] Level 1:colcon.colcon_core.package_identification:_identify(.) by extensions ['ros']
[0.930s] Level 1:colcon.colcon_core.package_identification:_identify(.) by extension 'ros'
[1.025s] Level 1:colcon.colcon_core.package_identification:_identify(.) by extensions ['cmake', 'python']
[1.025s] Level 1:colcon.colcon_core.package_identification:_identify(.) by extension 'cmake'
[1.026s] Level 1:colcon.colcon_core.package_identification:_identify(.) by extension 'python'
[1.026s] Level 1:colcon.colcon_core.package_identification:_identify(.) by extensions ['python_setup_py']
[1.026s] Level 1:colcon.colcon_core.package_identification:_identify(.) by extension 'python_setup_py'
[1.027s] Level 1:colcon.colcon_core.package_identification:_identify(build) by extensions ['ignore', 'ignore_ament_install']
[1.027s] Level 1:colcon.colcon_core.package_identification:_identify(build) by extension 'ignore'
[1.028s] Level 1:colcon.colcon_core.package_identification:_identify(build) ignored
[1.028s] Level 1:colcon.colcon_core.package_identification:_identify(config) by extensions ['ignore', 'ignore_ament_install']
[1.029s] Level 1:colcon.colcon_core.package_identification:_identify(config) by extension 'ignore'
[1.029s] Level 1:colcon.colcon_core.package_identification:_identify(config) by extension 'ignore_ament_install'
[1.029s] Level 1:colcon.colcon_core.package_identification:_identify(config) by extensions ['colcon_pkg']
[1.029s] Level 1:colcon.colcon_core.package_identification:_identify(config) by extension 'colcon_pkg'
[1.030s] Level 1:colcon.colcon_core.package_identification:_identify(config) by extensions ['colcon_meta']
[1.030s] Level 1:colcon.colcon_core.package_identification:_identify(config) by extension 'colcon_meta'
[1.030s] Level 1:colcon.colcon_core.package_identification:_identify(config) by extensions ['ros']
[1.030s] Level 1:colcon.colcon_core.package_identification:_identify(config) by extension 'ros'
[1.031s] Level 1:colcon.colcon_core.package_identification:_identify(config) by extensions ['cmake', 'python']
[1.031s] Level 1:colcon.colcon_core.package_identification:_identify(config) by extension 'cmake'
[1.031s] Level 1:colcon.colcon_core.package_identification:_identify(config) by extension 'python'
[1.032s] Level 1:colcon.colcon_core.package_identification:_identify(config) by extensions ['python_setup_py']
[1.032s] Level 1:colcon.colcon_core.package_identification:_identify(config) by extension 'python_setup_py'
[1.032s] Level 1:colcon.colcon_core.package_identification:_identify(config/config) by extensions ['ignore', 'ignore_ament_install']
[1.033s] Level 1:colcon.colcon_core.package_identification:_identify(config/config) by extension 'ignore'
[1.033s] Level 1:colcon.colcon_core.package_identification:_identify(config/config) by extension 'ignore_ament_install'
[1.033s] Level 1:colcon.colcon_core.package_identification:_identify(config/config) by extensions ['colcon_pkg']
[1.033s] Level 1:colcon.colcon_core.package_identification:_identify(config/config) by extension 'colcon_pkg'
[1.034s] Level 1:colcon.colcon_core.package_identification:_identify(config/config) by extensions ['colcon_meta']
[1.034s] Level 1:colcon.colcon_core.package_identification:_identify(config/config) by extension 'colcon_meta'
[1.034s] Level 1:colcon.colcon_core.package_identification:_identify(config/config) by extensions ['ros']
[1.034s] Level 1:colcon.colcon_core.package_identification:_identify(config/config) by extension 'ros'
[1.035s] Level 1:colcon.colcon_core.package_identification:_identify(config/config) by extensions ['cmake', 'python']
[1.035s] Level 1:colcon.colcon_core.package_identification:_identify(config/config) by extension 'cmake'
[1.035s] Level 1:colcon.colcon_core.package_identification:_identify(config/config) by extension 'python'
[1.035s] Level 1:colcon.colcon_core.package_identification:_identify(config/config) by extensions ['python_setup_py']
[1.036s] Level 1:colcon.colcon_core.package_identification:_identify(config/config) by extension 'python_setup_py'
[1.036s] Level 1:colcon.colcon_core.package_identification:_identify(install) by extensions ['ignore', 'ignore_ament_install']
[1.037s] Level 1:colcon.colcon_core.package_identification:_identify(install) by extension 'ignore'
[1.037s] Level 1:colcon.colcon_core.package_identification:_identify(install) ignored
[1.037s] Level 1:colcon.colcon_core.package_identification:_identify(log) by extensions ['ignore', 'ignore_ament_install']
[1.038s] Level 1:colcon.colcon_core.package_identification:_identify(log) by extension 'ignore'
[1.038s] Level 1:colcon.colcon_core.package_identification:_identify(log) ignored
[1.038s] Level 1:colcon.colcon_core.package_identification:_identify(src) by extensions ['ignore', 'ignore_ament_install']
[1.039s] Level 1:colcon.colcon_core.package_identification:_identify(src) by extension 'ignore'
[1.039s] Level 1:colcon.colcon_core.package_identification:_identify(src) by extension 'ignore_ament_install'
[1.039s] Level 1:colcon.colcon_core.package_identification:_identify(src) by extensions ['colcon_pkg']
[1.039s] Level 1:colcon.colcon_core.package_identification:_identify(src) by extension 'colcon_pkg'
[1.040s] Level 1:colcon.colcon_core.package_identification:_identify(src) by extensions ['colcon_meta']
[1.040s] Level 1:colcon.colcon_core.package_identification:_identify(src) by extension 'colcon_meta'
[1.040s] Level 1:colcon.colcon_core.package_identification:_identify(src) by extensions ['ros']
[1.040s] Level 1:colcon.colcon_core.package_identification:_identify(src) by extension 'ros'
[1.041s] Level 1:colcon.colcon_core.package_identification:_identify(src) by extensions ['cmake', 'python']
[1.041s] Level 1:colcon.colcon_core.package_identification:_identify(src) by extension 'cmake'
[1.041s] Level 1:colcon.colcon_core.package_identification:_identify(src) by extension 'python'
[1.042s] Level 1:colcon.colcon_core.package_identification:_identify(src) by extensions ['python_setup_py']
[1.042s] Level 1:colcon.colcon_core.package_identification:_identify(src) by extension 'python_setup_py'
[1.042s] Level 1:colcon.colcon_core.package_identification:_identify(src/hobot_dnn-develop) by extensions ['ignore', 'ignore_ament_install']
[1.043s] Level 1:colcon.colcon_core.package_identification:_identify(src/hobot_dnn-develop) by extension 'ignore'
[1.043s] Level 1:colcon.colcon_core.package_identification:_identify(src/hobot_dnn-develop) by extension 'ignore_ament_install'
[1.043s] Level 1:colcon.colcon_core.package_identification:_identify(src/hobot_dnn-develop) by extensions ['colcon_pkg']
[1.043s] Level 1:colcon.colcon_core.package_identification:_identify(src/hobot_dnn-develop) by extension 'colcon_pkg'
[1.044s] Level 1:colcon.colcon_core.package_identification:_identify(src/hobot_dnn-develop) by extensions ['colcon_meta']
[1.044s] Level 1:colcon.colcon_core.package_identification:_identify(src/hobot_dnn-develop) by extension 'colcon_meta'
[1.044s] Level 1:colcon.colcon_core.package_identification:_identify(src/hobot_dnn-develop) by extensions ['ros']
[1.044s] Level 1:colcon.colcon_core.package_identification:_identify(src/hobot_dnn-develop) by extension 'ros'
[1.045s] Level 1:colcon.colcon_core.package_identification:_identify(src/hobot_dnn-develop) by extensions ['cmake', 'python']
[1.045s] Level 1:colcon.colcon_core.package_identification:_identify(src/hobot_dnn-develop) by extension 'cmake'
[1.045s] Level 1:colcon.colcon_core.package_identification:_identify(src/hobot_dnn-develop) by extension 'python'
[1.045s] Level 1:colcon.colcon_core.package_identification:_identify(src/hobot_dnn-develop) by extensions ['python_setup_py']
[1.046s] Level 1:colcon.colcon_core.package_identification:_identify(src/hobot_dnn-develop) by extension 'python_setup_py'
[1.046s] Level 1:colcon.colcon_core.package_identification:_identify(src/hobot_dnn-develop/dnn_benchmark_example) by extensions ['ignore', 'ignore_ament_install']
[1.047s] Level 1:colcon.colcon_core.package_identification:_identify(src/hobot_dnn-develop/dnn_benchmark_example) by extension 'ignore'
[1.047s] Level 1:colcon.colcon_core.package_identification:_identify(src/hobot_dnn-develop/dnn_benchmark_example) by extension 'ignore_ament_install'
[1.047s] Level 1:colcon.colcon_core.package_identification:_identify(src/hobot_dnn-develop/dnn_benchmark_example) by extensions ['colcon_pkg']
[1.048s] Level 1:colcon.colcon_core.package_identification:_identify(src/hobot_dnn-develop/dnn_benchmark_example) by extension 'colcon_pkg'
[1.048s] Level 1:colcon.colcon_core.package_identification:_identify(src/hobot_dnn-develop/dnn_benchmark_example) by extensions ['colcon_meta']
[1.048s] Level 1:colcon.colcon_core.package_identification:_identify(src/hobot_dnn-develop/dnn_benchmark_example) by extension 'colcon_meta'
[1.048s] Level 1:colcon.colcon_core.package_identification:_identify(src/hobot_dnn-develop/dnn_benchmark_example) by extensions ['ros']
[1.048s] Level 1:colcon.colcon_core.package_identification:_identify(src/hobot_dnn-develop/dnn_benchmark_example) by extension 'ros'
[1.063s] DEBUG:colcon.colcon_core.package_identification:Package 'src/hobot_dnn-develop/dnn_benchmark_example' with type 'ros.ament_cmake' and name 'dnn_benchmark_example'
[1.064s] Level 1:colcon.colcon_core.package_identification:_identify(src/hobot_dnn-develop/dnn_node) by extensions ['ignore', 'ignore_ament_install']
[1.065s] Level 1:colcon.colcon_core.package_identification:_identify(src/hobot_dnn-develop/dnn_node) by extension 'ignore'
[1.065s] Level 1:colcon.colcon_core.package_identification:_identify(src/hobot_dnn-develop/dnn_node) by extension 'ignore_ament_install'
[1.065s] Level 1:colcon.colcon_core.package_identification:_identify(src/hobot_dnn-develop/dnn_node) by extensions ['colcon_pkg']
[1.066s] Level 1:colcon.colcon_core.package_identification:_identify(src/hobot_dnn-develop/dnn_node) by extension 'colcon_pkg'
[1.066s] Level 1:colcon.colcon_core.package_identification:_identify(src/hobot_dnn-develop/dnn_node) by extensions ['colcon_meta']
[1.066s] Level 1:colcon.colcon_core.package_identification:_identify(src/hobot_dnn-develop/dnn_node) by extension 'colcon_meta'
[1.066s] Level 1:colcon.colcon_core.package_identification:_identify(src/hobot_dnn-develop/dnn_node) by extensions ['ros']
[1.067s] Level 1:colcon.colcon_core.package_identification:_identify(src/hobot_dnn-develop/dnn_node) by extension 'ros'
[1.104s] DEBUG:colcon.colcon_core.package_identification:Package 'src/hobot_dnn-develop/dnn_node' with type 'ros.ament_cmake' and name 'dnn_node'
[1.105s] Level 1:colcon.colcon_core.package_identification:_identify(src/hobot_dnn-develop/dnn_node_example) by extensions ['ignore', 'ignore_ament_install']
[1.106s] Level 1:colcon.colcon_core.package_identification:_identify(src/hobot_dnn-develop/dnn_node_example) by extension 'ignore'
[1.106s] Level 1:colcon.colcon_core.package_identification:_identify(src/hobot_dnn-develop/dnn_node_example) by extension 'ignore_ament_install'
[1.107s] Level 1:colcon.colcon_core.package_identification:_identify(src/hobot_dnn-develop/dnn_node_example) by extensions ['colcon_pkg']
[1.107s] Level 1:colcon.colcon_core.package_identification:_identify(src/hobot_dnn-develop/dnn_node_example) by extension 'colcon_pkg'
[1.107s] Level 1:colcon.colcon_core.package_identification:_identify(src/hobot_dnn-develop/dnn_node_example) by extensions ['colcon_meta']
[1.107s] Level 1:colcon.colcon_core.package_identification:_identify(src/hobot_dnn-develop/dnn_node_example) by extension 'colcon_meta'
[1.108s] Level 1:colcon.colcon_core.package_identification:_identify(src/hobot_dnn-develop/dnn_node_example) by extensions ['ros']
[1.108s] Level 1:colcon.colcon_core.package_identification:_identify(src/hobot_dnn-develop/dnn_node_example) by extension 'ros'
[1.116s] DEBUG:colcon.colcon_core.package_identification:Package 'src/hobot_dnn-develop/dnn_node_example' with type 'ros.ament_cmake' and name 'dnn_node_example'
[1.117s] Level 1:colcon.colcon_core.package_identification:_identify(src/hobot_dnn-develop/dnn_node_sample) by extensions ['ignore', 'ignore_ament_install']
[1.117s] Level 1:colcon.colcon_core.package_identification:_identify(src/hobot_dnn-develop/dnn_node_sample) by extension 'ignore'
[1.118s] Level 1:colcon.colcon_core.package_identification:_identify(src/hobot_dnn-develop/dnn_node_sample) by extension 'ignore_ament_install'
[1.118s] Level 1:colcon.colcon_core.package_identification:_identify(src/hobot_dnn-develop/dnn_node_sample) by extensions ['colcon_pkg']
[1.118s] Level 1:colcon.colcon_core.package_identification:_identify(src/hobot_dnn-develop/dnn_node_sample) by extension 'colcon_pkg'
[1.118s] Level 1:colcon.colcon_core.package_identification:_identify(src/hobot_dnn-develop/dnn_node_sample) by extensions ['colcon_meta']
[1.119s] Level 1:colcon.colcon_core.package_identification:_identify(src/hobot_dnn-develop/dnn_node_sample) by extension 'colcon_meta'
[1.119s] Level 1:colcon.colcon_core.package_identification:_identify(src/hobot_dnn-develop/dnn_node_sample) by extensions ['ros']
[1.119s] Level 1:colcon.colcon_core.package_identification:_identify(src/hobot_dnn-develop/dnn_node_sample) by extension 'ros'
[1.126s] DEBUG:colcon.colcon_core.package_identification:Package 'src/hobot_dnn-develop/dnn_node_sample' with type 'ros.ament_cmake' and name 'dnn_node_sample'
[1.126s] Level 1:colcon.colcon_core.package_discovery:discover_packages(recursive) using defaults
[1.127s] Level 1:colcon.colcon_core.package_discovery:discover_packages(ignore) discover
[1.127s] Level 1:colcon.colcon_core.package_discovery:discover_packages(ignore) using defaults
[1.127s] Level 1:colcon.colcon_core.package_discovery:discover_packages(path) discover
[1.127s] Level 1:colcon.colcon_core.package_discovery:discover_packages(path) using defaults
[1.253s] INFO:colcon.colcon_core.package_selection:Skipping not selected package 'dnn_node' in 'src/hobot_dnn-develop/dnn_node'
[1.254s] INFO:colcon.colcon_core.package_selection:Skipping not selected package 'dnn_benchmark_example' in 'src/hobot_dnn-develop/dnn_benchmark_example'
[1.254s] INFO:colcon.colcon_core.package_selection:Skipping not selected package 'dnn_node_example' in 'src/hobot_dnn-develop/dnn_node_example'
[1.256s] Level 1:colcon.colcon_core.package_discovery:discover_packages(prefix_path) check parameters
[1.256s] Level 1:colcon.colcon_core.package_discovery:discover_packages(prefix_path) discover
[1.267s] DEBUG:colcon.colcon_installed_package_information.package_discovery:Found 1 installed packages in /home/sunrise/example/install
[1.270s] DEBUG:colcon.colcon_installed_package_information.package_discovery:Found 58 installed packages in /opt/tros/humble
[1.281s] DEBUG:colcon.colcon_installed_package_information.package_discovery:Found 274 installed packages in /opt/ros/humble
[1.293s] Level 1:colcon.colcon_core.package_discovery:discover_packages(prefix_path) using defaults
[1.595s] WARNING:colcon.colcon_core.package_selection:Some selected packages are already built in one or more underlay workspaces:
	'dnn_node_sample' is in: /home/sunrise/example/install/dnn_node_sample, /opt/tros/humble
If a package in a merged underlay workspace is overridden and it installs headers, then all packages in the overlay must sort their include directories by workspace order. Failure to do so may result in build failures or undefined behavior at run time.
If the overridden package is used by another package in any underlay, then the overriding package in the overlay must be API and ABI compatible or undefined behavior at run time may occur.

If you understand the risks and want to override a package anyways, add the following to the command line:
	--allow-overriding dnn_node_sample

This may be promoted to an error in a future release of colcon-override-check.
[1.602s] Level 5:colcon.colcon_core.verb:set package 'dnn_node_sample' build argument 'cmake_args' from command line to '['-DPLATFORM_X5=ON']'
[1.602s] Level 5:colcon.colcon_core.verb:set package 'dnn_node_sample' build argument 'cmake_target' from command line to 'None'
[1.603s] Level 5:colcon.colcon_core.verb:set package 'dnn_node_sample' build argument 'cmake_target_skip_unavailable' from command line to 'False'
[1.603s] Level 5:colcon.colcon_core.verb:set package 'dnn_node_sample' build argument 'cmake_clean_cache' from command line to 'False'
[1.603s] Level 5:colcon.colcon_core.verb:set package 'dnn_node_sample' build argument 'cmake_clean_first' from command line to 'False'
[1.603s] Level 5:colcon.colcon_core.verb:set package 'dnn_node_sample' build argument 'cmake_force_configure' from command line to 'False'
[1.603s] Level 5:colcon.colcon_core.verb:set package 'dnn_node_sample' build argument 'ament_cmake_args' from command line to 'None'
[1.603s] Level 5:colcon.colcon_core.verb:set package 'dnn_node_sample' build argument 'catkin_cmake_args' from command line to 'None'
[1.603s] Level 5:colcon.colcon_core.verb:set package 'dnn_node_sample' build argument 'catkin_skip_building_tests' from command line to 'False'
[1.604s] DEBUG:colcon.colcon_core.verb:Building package 'dnn_node_sample' with the following arguments: {'ament_cmake_args': None, 'build_base': '/home/sunrise/example/build/dnn_node_sample', 'catkin_cmake_args': None, 'catkin_skip_building_tests': False, 'cmake_args': ['-DPLATFORM_X5=ON'], 'cmake_clean_cache': False, 'cmake_clean_first': False, 'cmake_force_configure': False, 'cmake_target': None, 'cmake_target_skip_unavailable': False, 'install_base': '/home/sunrise/example/install/dnn_node_sample', 'merge_install': False, 'path': '/home/sunrise/example/src/hobot_dnn-develop/dnn_node_sample', 'symlink_install': False, 'test_result_base': None}
[1.605s] INFO:colcon.colcon_core.executor:Executing jobs using 'parallel' executor
[1.610s] DEBUG:colcon.colcon_parallel_executor.executor.parallel:run_until_complete
[1.611s] INFO:colcon.colcon_ros.task.ament_cmake.build:Building ROS package in '/home/sunrise/example/src/hobot_dnn-develop/dnn_node_sample' with build type 'ament_cmake'
[1.612s] INFO:colcon.colcon_cmake.task.cmake.build:Building CMake package in '/home/sunrise/example/src/hobot_dnn-develop/dnn_node_sample'
[1.623s] INFO:colcon.colcon_core.plugin_system:Skipping extension 'colcon_core.shell.bat': Not used on non-Windows systems
[1.624s] INFO:colcon.colcon_core.shell:Skip shell extension 'powershell' for command environment: Not usable outside of PowerShell
[1.624s] DEBUG:colcon.colcon_core.shell:Skip shell extension 'dsv' for command environment
[1.639s] WARNING:colcon.colcon_core.shell:The following packages are in the workspace but haven't been built:
- dnn_node
They are being used from the following locations instead:
- /opt/tros/humble
To suppress this warning ignore these packages in the workspace:
--packages-ignore dnn_node
[1.666s] DEBUG:colcon.colcon_core.event_handler.log_command:Invoking command in '/home/sunrise/example/build/dnn_node_sample': CMAKE_PREFIX_PATH=${CMAKE_PREFIX_PATH}:/opt/tros/humble:/opt/ros/humble /usr/bin/cmake --build /home/sunrise/example/build/dnn_node_sample -- -j8 -l8
[24.413s] DEBUG:colcon.colcon_core.event_handler.log_command:Invoked command in '/home/sunrise/example/build/dnn_node_sample' returned '0': CMAKE_PREFIX_PATH=${CMAKE_PREFIX_PATH}:/opt/tros/humble:/opt/ros/humble /usr/bin/cmake --build /home/sunrise/example/build/dnn_node_sample -- -j8 -l8
[24.455s] DEBUG:colcon.colcon_core.event_handler.log_command:Invoking command in '/home/sunrise/example/build/dnn_node_sample': CMAKE_PREFIX_PATH=${CMAKE_PREFIX_PATH}:/opt/tros/humble:/opt/ros/humble /usr/bin/cmake --install /home/sunrise/example/build/dnn_node_sample
[24.545s] Level 1:colcon.colcon_core.environment:create_environment_scripts_only(dnn_node_sample)
[24.547s] DEBUG:colcon.colcon_core.event_handler.log_command:Invoked command in '/home/sunrise/example/build/dnn_node_sample' returned '0': CMAKE_PREFIX_PATH=${CMAKE_PREFIX_PATH}:/opt/tros/humble:/opt/ros/humble /usr/bin/cmake --install /home/sunrise/example/build/dnn_node_sample
[24.559s] Level 1:colcon.colcon_core.environment:checking '/home/sunrise/example/install/dnn_node_sample' for CMake module files
[24.562s] Level 1:colcon.colcon_core.environment:checking '/home/sunrise/example/install/dnn_node_sample' for CMake config files
[24.563s] Level 1:colcon.colcon_core.shell:create_environment_hook('dnn_node_sample', 'cmake_prefix_path')
[24.565s] INFO:colcon.colcon_core.shell:Creating environment hook '/home/sunrise/example/install/dnn_node_sample/share/dnn_node_sample/hook/cmake_prefix_path.ps1'
[24.569s] INFO:colcon.colcon_core.shell:Creating environment descriptor '/home/sunrise/example/install/dnn_node_sample/share/dnn_node_sample/hook/cmake_prefix_path.dsv'
[24.571s] INFO:colcon.colcon_core.shell:Creating environment hook '/home/sunrise/example/install/dnn_node_sample/share/dnn_node_sample/hook/cmake_prefix_path.sh'
[24.576s] Level 1:colcon.colcon_core.environment:checking '/home/sunrise/example/install/dnn_node_sample/lib'
[24.577s] Level 1:colcon.colcon_core.environment:checking '/home/sunrise/example/install/dnn_node_sample/bin'
[24.578s] Level 1:colcon.colcon_core.environment:checking '/home/sunrise/example/install/dnn_node_sample/lib/pkgconfig/dnn_node_sample.pc'
[24.579s] Level 1:colcon.colcon_core.environment:checking '/home/sunrise/example/install/dnn_node_sample/lib/python3.10/site-packages'
[24.582s] Level 1:colcon.colcon_core.environment:checking '/home/sunrise/example/install/dnn_node_sample/bin'
[24.584s] INFO:colcon.colcon_core.shell:Creating package script '/home/sunrise/example/install/dnn_node_sample/share/dnn_node_sample/package.ps1'
[24.589s] INFO:colcon.colcon_core.shell:Creating package descriptor '/home/sunrise/example/install/dnn_node_sample/share/dnn_node_sample/package.dsv'
[24.592s] INFO:colcon.colcon_core.shell:Creating package script '/home/sunrise/example/install/dnn_node_sample/share/dnn_node_sample/package.sh'
[24.597s] INFO:colcon.colcon_core.shell:Creating package script '/home/sunrise/example/install/dnn_node_sample/share/dnn_node_sample/package.bash'
[24.602s] INFO:colcon.colcon_core.shell:Creating package script '/home/sunrise/example/install/dnn_node_sample/share/dnn_node_sample/package.zsh'
[24.606s] Level 1:colcon.colcon_core.environment:create_file_with_runtime_dependencies(/home/sunrise/example/install/dnn_node_sample/share/colcon-core/packages/dnn_node_sample)
[24.609s] Level 1:colcon.colcon_core.environment:create_environment_scripts_only(dnn_node_sample)
[24.616s] Level 1:colcon.colcon_core.environment:checking '/home/sunrise/example/install/dnn_node_sample' for CMake module files
[24.619s] Level 1:colcon.colcon_core.environment:checking '/home/sunrise/example/install/dnn_node_sample' for CMake config files
[24.620s] Level 1:colcon.colcon_core.shell:create_environment_hook('dnn_node_sample', 'cmake_prefix_path')
[24.622s] INFO:colcon.colcon_core.shell:Creating environment hook '/home/sunrise/example/install/dnn_node_sample/share/dnn_node_sample/hook/cmake_prefix_path.ps1'
[24.624s] INFO:colcon.colcon_core.shell:Creating environment descriptor '/home/sunrise/example/install/dnn_node_sample/share/dnn_node_sample/hook/cmake_prefix_path.dsv'
[24.626s] INFO:colcon.colcon_core.shell:Creating environment hook '/home/sunrise/example/install/dnn_node_sample/share/dnn_node_sample/hook/cmake_prefix_path.sh'
[24.629s] Level 1:colcon.colcon_core.environment:checking '/home/sunrise/example/install/dnn_node_sample/lib'
[24.630s] Level 1:colcon.colcon_core.environment:checking '/home/sunrise/example/install/dnn_node_sample/bin'
[24.630s] Level 1:colcon.colcon_core.environment:checking '/home/sunrise/example/install/dnn_node_sample/lib/pkgconfig/dnn_node_sample.pc'
[24.631s] Level 1:colcon.colcon_core.environment:checking '/home/sunrise/example/install/dnn_node_sample/lib/python3.10/site-packages'
[24.634s] Level 1:colcon.colcon_core.environment:checking '/home/sunrise/example/install/dnn_node_sample/bin'
[24.635s] INFO:colcon.colcon_core.shell:Creating package script '/home/sunrise/example/install/dnn_node_sample/share/dnn_node_sample/package.ps1'
[24.638s] INFO:colcon.colcon_core.shell:Creating package descriptor '/home/sunrise/example/install/dnn_node_sample/share/dnn_node_sample/package.dsv'
[24.641s] INFO:colcon.colcon_core.shell:Creating package script '/home/sunrise/example/install/dnn_node_sample/share/dnn_node_sample/package.sh'
[24.644s] INFO:colcon.colcon_core.shell:Creating package script '/home/sunrise/example/install/dnn_node_sample/share/dnn_node_sample/package.bash'
[24.647s] INFO:colcon.colcon_core.shell:Creating package script '/home/sunrise/example/install/dnn_node_sample/share/dnn_node_sample/package.zsh'
[24.649s] Level 1:colcon.colcon_core.environment:create_file_with_runtime_dependencies(/home/sunrise/example/install/dnn_node_sample/share/colcon-core/packages/dnn_node_sample)
[24.651s] DEBUG:colcon.colcon_parallel_executor.executor.parallel:closing loop
[24.652s] DEBUG:colcon.colcon_parallel_executor.executor.parallel:loop closed
[24.652s] DEBUG:colcon.colcon_parallel_executor.executor.parallel:run_until_complete finished with '0'
[24.653s] DEBUG:colcon.colcon_core.event_reactor:joining thread
[24.679s] INFO:colcon.colcon_core.plugin_system:Skipping extension 'colcon_notification.desktop_notification.notify_send': Could not find 'notify-send'
[24.679s] INFO:colcon.colcon_core.plugin_system:Skipping extension 'colcon_notification.desktop_notification.terminal_notifier': Not used on non-Darwin systems
[24.680s] INFO:colcon.colcon_core.plugin_system:Skipping extension 'colcon_notification.desktop_notification.win32': Not used on non-Windows systems
[24.680s] INFO:colcon.colcon_notification.desktop_notification:Sending desktop notification using 'notify2'
[24.698s] DEBUG:colcon.colcon_core.event_reactor:joined thread
[24.700s] INFO:colcon.colcon_core.shell:Creating prefix script '/home/sunrise/example/install/local_setup.ps1'
[24.706s] INFO:colcon.colcon_core.shell:Creating prefix util module '/home/sunrise/example/install/_local_setup_util_ps1.py'
[24.716s] INFO:colcon.colcon_core.shell:Creating prefix chain script '/home/sunrise/example/install/setup.ps1'
[24.722s] INFO:colcon.colcon_core.shell:Creating prefix script '/home/sunrise/example/install/local_setup.sh'
[24.726s] INFO:colcon.colcon_core.shell:Creating prefix util module '/home/sunrise/example/install/_local_setup_util_sh.py'
[24.730s] INFO:colcon.colcon_core.shell:Creating prefix chain script '/home/sunrise/example/install/setup.sh'
[24.736s] INFO:colcon.colcon_core.shell:Creating prefix script '/home/sunrise/example/install/local_setup.bash'
[24.740s] INFO:colcon.colcon_core.shell:Creating prefix chain script '/home/sunrise/example/install/setup.bash'
[24.818s] INFO:colcon.colcon_core.shell:Creating prefix script '/home/sunrise/example/install/local_setup.zsh'
[24.821s] INFO:colcon.colcon_core.shell:Creating prefix chain script '/home/sunrise/example/install/setup.zsh'
