[35m[1mConsolidate compiler generated dependencies of target dnn_node_sample[0m
[ 33%] [32mBuilding CXX object CMakeFiles/dnn_node_sample.dir/src/sample.cpp.o[0m
In file included from [01m[K/opt/ros/humble/include/rclcpp/rclcpp/logging.hpp:24[m[K,
                 from [01m[K/opt/ros/humble/include/rclcpp/rclcpp/client.hpp:40[m[K,
                 from [01m[K/opt/ros/humble/include/rclcpp/rclcpp/callback_group.hpp:24[m[K,
                 from [01m[K/opt/ros/humble/include/rclcpp/rclcpp/any_executable.hpp:20[m[K,
                 from [01m[K/opt/ros/humble/include/rclcpp/rclcpp/memory_strategy.hpp:25[m[K,
                 from [01m[K/opt/ros/humble/include/rclcpp/rclcpp/memory_strategies.hpp:18[m[K,
                 from [01m[K/opt/ros/humble/include/rclcpp/rclcpp/executor_options.hpp:20[m[K,
                 from [01m[K/opt/ros/humble/include/rclcpp/rclcpp/executor.hpp:37[m[K,
                 from [01m[K/opt/ros/humble/include/rclcpp/rclcpp/executors/multi_threaded_executor.hpp:25[m[K,
                 from [01m[K/opt/ros/humble/include/rclcpp/rclcpp/executors.hpp:21[m[K,
                 from [01m[K/opt/ros/humble/include/rclcpp/rclcpp/rclcpp.hpp:155[m[K,
                 from [01m[K/opt/tros/humble/include/dnn_node/dnn_node_data.h:23[m[K,
                 from [01m[K/opt/tros/humble/include/dnn_node/dnn_node.h:22[m[K,
                 from [01m[K/home/sunrise/example/src/hobot_dnn-develop/dnn_node_sample/src/sample.cpp:2[m[K:
[01m[K/home/sunrise/example/src/hobot_dnn-develop/dnn_node_sample/src/sample.cpp:[m[K In member function ‘[01m[Kvirtual int DNNNodeSample::PostProcess(const std::shared_ptr<hobot::dnn_node::DnnNodeOutput>&)[m[K’:
[01m[K/home/sunrise/example/src/hobot_dnn-develop/dnn_node_sample/src/sample.cpp:330:19:[m[K [01;35m[Kwarning: [m[Kformat ‘[01m[K%d[m[K’ expects argument of type ‘[01m[Kint[m[K’, but argument 8 has type ‘[01m[Klong int[m[K’ [[01;35m[K-Wformat=[m[K]
  330 |                   [01;35m[K"input fps: %.2f, out fps: %.2f, infer time ms: %d, "[m[K
      |                   [01;35m[K^~~~~~~~~~~~~~~~~~~~~~~~~~~~~~~~~~~~~~~~~~~~~~~~~~~~~[m[K
  331 | [01;35m[K                  "post process time ms: %d"[m[K,
      |                   [01;35m[K~~~~~~~~~~~~~~~~~~~~~~~~~~[m[K
......
  335 |                   [32m[Kinterval[m[K);
      |                   [32m[K~~~~~~~~[m[K
      |                   [32m[K|[m[K
      |                   [32m[Klong int[m[K
[01m[K/home/sunrise/example/src/hobot_dnn-develop/dnn_node_sample/src/sample.cpp:331:43:[m[K [01;36m[Knote: [m[Kformat string is defined here
  331 |                   "post process time ms: [01;36m[K%d[m[K",
      |                                          [01;36m[K~^[m[K
      |                                           [01;36m[K|[m[K
      |                                           [01;36m[Kint[m[K
      |                                          [32m[K%ld[m[K
[ 66%] [32m[1mLinking CXX executable dnn_node_sample[0m
[100%] Built target dnn_node_sample
-- Install configuration: ""
-- Installing: /home/sunrise/example/install/dnn_node_sample/lib/dnn_node_sample/dnn_node_sample
-- Set runtime path of "/home/sunrise/example/install/dnn_node_sample/lib/dnn_node_sample/dnn_node_sample" to ""
-- Up-to-date: /home/sunrise/example/install/dnn_node_sample/lib/dnn_node_sample/config/
-- Up-to-date: /home/sunrise/example/install/dnn_node_sample/lib/dnn_node_sample/config//target.jpg
-- Installing: /home/sunrise/example/install/dnn_node_sample/lib/dnn_node_sample/config//result.jpg
-- Up-to-date: /home/sunrise/example/install/dnn_node_sample/lib/dnn_node_sample/config//yolov8_x5_640x640_rgb.bin
-- Installing: /home/sunrise/example/install/dnn_node_sample/lib/dnn_node_sample/config//yolov8_x5_640x640_nv12_v2.bin
-- Up-to-date: /home/sunrise/example/install/dnn_node_sample/lib/dnn_node_sample/config//1.jpg
-- Up-to-date: /home/sunrise/example/install/dnn_node_sample/share/dnn_node_sample/launch
-- Up-to-date: /home/sunrise/example/install/dnn_node_sample/share/dnn_node_sample/launch/dnn_node_sample.launch.py
-- Up-to-date: /home/sunrise/example/install/dnn_node_sample/share/ament_index/resource_index/package_run_dependencies/dnn_node_sample
-- Up-to-date: /home/sunrise/example/install/dnn_node_sample/share/ament_index/resource_index/parent_prefix_path/dnn_node_sample
-- Up-to-date: /home/sunrise/example/install/dnn_node_sample/share/dnn_node_sample/environment/ament_prefix_path.sh
-- Up-to-date: /home/sunrise/example/install/dnn_node_sample/share/dnn_node_sample/environment/ament_prefix_path.dsv
-- Up-to-date: /home/sunrise/example/install/dnn_node_sample/share/dnn_node_sample/environment/path.sh
-- Up-to-date: /home/sunrise/example/install/dnn_node_sample/share/dnn_node_sample/environment/path.dsv
-- Up-to-date: /home/sunrise/example/install/dnn_node_sample/share/dnn_node_sample/local_setup.bash
-- Up-to-date: /home/sunrise/example/install/dnn_node_sample/share/dnn_node_sample/local_setup.sh
-- Up-to-date: /home/sunrise/example/install/dnn_node_sample/share/dnn_node_sample/local_setup.zsh
-- Up-to-date: /home/sunrise/example/install/dnn_node_sample/share/dnn_node_sample/local_setup.dsv
-- Installing: /home/sunrise/example/install/dnn_node_sample/share/dnn_node_sample/package.dsv
-- Up-to-date: /home/sunrise/example/install/dnn_node_sample/share/ament_index/resource_index/packages/dnn_node_sample
-- Up-to-date: /home/sunrise/example/install/dnn_node_sample/share/dnn_node_sample/cmake/dnn_node_sampleConfig.cmake
-- Up-to-date: /home/sunrise/example/install/dnn_node_sample/share/dnn_node_sample/cmake/dnn_node_sampleConfig-version.cmake
-- Up-to-date: /home/sunrise/example/install/dnn_node_sample/share/dnn_node_sample/package.xml
