[0.065s] Invoking command in '/home/sunrise/example/build/dnn_node_sample': CMAKE_PREFIX_PATH=/opt/tros/humble:/opt/ros/humble /usr/bin/cmake --build /home/sunrise/example/build/dnn_node_sample -- -j8 -l8
[0.245s] -- Found ament_cmake: 1.3.12 (/opt/ros/humble/share/ament_cmake/cmake)
[1.223s] -- Found rclcpp: 16.0.14 (/opt/ros/humble/share/rclcpp/cmake)
[1.398s] -- Found rosidl_generator_c: 3.1.7 (/opt/ros/humble/share/rosidl_generator_c/cmake)
[1.415s] -- Found rosidl_adapter: 3.1.7 (/opt/ros/humble/share/rosidl_adapter/cmake)
[1.457s] -- Found rosidl_generator_cpp: 3.1.7 (/opt/ros/humble/share/rosidl_generator_cpp/cmake)
[1.532s] -- Using all available rosidl_typesupport_c: rosidl_typesupport_fastrtps_c;rosidl_typesupport_introspection_c
[1.613s] -- Using all available rosidl_typesupport_cpp: rosidl_typesupport_fastrtps_cpp;rosidl_typesupport_introspection_cpp
[1.823s] -- Found rmw_implementation_cmake: 6.1.2 (/opt/ros/humble/share/rmw_implementation_cmake/cmake)
[1.832s] -- Found rmw_fastrtps_cpp: 6.2.8 (/opt/ros/humble/share/rmw_fastrtps_cpp/cmake)
[2.348s] -- Using RMW implementation 'rmw_fastrtps_cpp' as default
[2.677s] -- Found sensor_msgs: 4.9.1 (/opt/ros/humble/share/sensor_msgs/cmake)
[2.872s] -- Found ai_msgs: 2.0.1 (/opt/tros/humble/share/ai_msgs/cmake)
[2.986s] -- Found hbm_img_msgs: 2.0.0 (/opt/tros/humble/share/hbm_img_msgs/cmake)
[3.059s] -- Found dnn_node: 2.5.9 (/opt/tros/humble/share/dnn_node/cmake)
[3.069s] -- Found hobot_cv: 2.3.4 (/opt/tros/humble/share/hobot_cv/cmake)
[3.090s] -- Found cv_bridge: 3.2.1 (/opt/ros/humble/share/cv_bridge/cmake)
[3.194s] -- Found OpenCV: /usr (found version "4.5.4") 
[3.195s] [0minvalid platform, build platform X3 default[0m
[3.196s] [0mPREFIX_PATH is x3[0m
[3.197s] [0mSYS_ROOT is [0m
[3.197s] [0mhobot_cv_LIBRARIES is /opt/tros/humble/lib/libhobot_cv.so[0m
[3.198s] [0mupdate HOBOTCV_LIB_INSTALL_PATH as /opt/tros/humble/lib[0m
[3.199s] [0mHOBOTCV_LIB_INSTALL_PATH is /opt/tros/humble/lib[0m
[3.720s] -- Configuring done
[3.858s] -- Generating done
[3.895s] -- Build files have been written to: /home/sunrise/example/build/dnn_node_sample
[4.057s] [35m[1mConsolidate compiler generated dependencies of target dnn_node_sample[0m
[4.165s] [ 33%] [32mBuilding CXX object CMakeFiles/dnn_node_sample.dir/src/sample.cpp.o[0m
[4.174s] [ 66%] [32mBuilding CXX object CMakeFiles/dnn_node_sample.dir/src/parser.cpp.o[0m
[27.852s] In file included from [01m[K/opt/ros/humble/include/rclcpp/rclcpp/logging.hpp:24[m[K,
[27.853s]                  from [01m[K/opt/ros/humble/include/rclcpp/rclcpp/client.hpp:40[m[K,
[27.854s]                  from [01m[K/opt/ros/humble/include/rclcpp/rclcpp/callback_group.hpp:24[m[K,
[27.855s]                  from [01m[K/opt/ros/humble/include/rclcpp/rclcpp/any_executable.hpp:20[m[K,
[27.856s]                  from [01m[K/opt/ros/humble/include/rclcpp/rclcpp/memory_strategy.hpp:25[m[K,
[27.856s]                  from [01m[K/opt/ros/humble/include/rclcpp/rclcpp/memory_strategies.hpp:18[m[K,
[27.857s]                  from [01m[K/opt/ros/humble/include/rclcpp/rclcpp/executor_options.hpp:20[m[K,
[27.857s]                  from [01m[K/opt/ros/humble/include/rclcpp/rclcpp/executor.hpp:37[m[K,
[27.858s]                  from [01m[K/opt/ros/humble/include/rclcpp/rclcpp/executors/multi_threaded_executor.hpp:25[m[K,
[27.858s]                  from [01m[K/opt/ros/humble/include/rclcpp/rclcpp/executors.hpp:21[m[K,
[27.859s]                  from [01m[K/opt/ros/humble/include/rclcpp/rclcpp/rclcpp.hpp:155[m[K,
[27.860s]                  from [01m[K/opt/tros/humble/include/dnn_node/dnn_node_data.h:23[m[K,
[27.860s]                  from [01m[K/opt/tros/humble/include/dnn_node/dnn_node.h:22[m[K,
[27.861s]                  from [01m[K/home/sunrise/example/src/hobot_dnn-develop/dnn_node_sample/src/sample.cpp:2[m[K:
[27.861s] [01m[K/home/sunrise/example/src/hobot_dnn-develop/dnn_node_sample/src/sample.cpp:[m[K In member function ‘[01m[Kvirtual int DNNNodeSample::PostProcess(const std::shared_ptr<hobot::dnn_node::DnnNodeOutput>&)[m[K’:
[27.862s] [01m[K/home/sunrise/example/src/hobot_dnn-develop/dnn_node_sample/src/sample.cpp:354:19:[m[K [01;35m[Kwarning: [m[Kformat ‘[01m[K%d[m[K’ expects argument of type ‘[01m[Kint[m[K’, but argument 8 has type ‘[01m[Klong int[m[K’ [[01;35m[K-Wformat=[m[K]
[27.863s]   354 |                   [01;35m[K"input fps: %.2f, out fps: %.2f, infer time ms: %d, "[m[K
[27.864s]       |                   [01;35m[K^~~~~~~~~~~~~~~~~~~~~~~~~~~~~~~~~~~~~~~~~~~~~~~~~~~~~[m[K
[27.865s]   355 | [01;35m[K                  "post process time ms: %d"[m[K,
[27.866s]       |                   [01;35m[K~~~~~~~~~~~~~~~~~~~~~~~~~~[m[K
[27.866s] ......
[27.867s]   359 |                   [32m[Kinterval[m[K);
[27.868s]       |                   [32m[K~~~~~~~~[m[K
[27.868s]       |                   [32m[K|[m[K
[27.868s]       |                   [32m[Klong int[m[K
[27.869s] [01m[K/home/sunrise/example/src/hobot_dnn-develop/dnn_node_sample/src/sample.cpp:355:43:[m[K [01;36m[Knote: [m[Kformat string is defined here
[27.870s]   355 |                   "post process time ms: [01;36m[K%d[m[K",
[27.870s]       |                                          [01;36m[K~^[m[K
[27.871s]       |                                           [01;36m[K|[m[K
[27.872s]       |                                           [01;36m[Kint[m[K
[27.872s]       |                                          [32m[K%ld[m[K
[72.646s] [100%] [32m[1mLinking CXX executable dnn_node_sample[0m
[79.571s] [100%] Built target dnn_node_sample
[79.625s] Invoked command in '/home/sunrise/example/build/dnn_node_sample' returned '0': CMAKE_PREFIX_PATH=/opt/tros/humble:/opt/ros/humble /usr/bin/cmake --build /home/sunrise/example/build/dnn_node_sample -- -j8 -l8
[79.674s] Invoking command in '/home/sunrise/example/build/dnn_node_sample': CMAKE_PREFIX_PATH=/opt/tros/humble:/opt/ros/humble /usr/bin/cmake --install /home/sunrise/example/build/dnn_node_sample
[79.709s] -- Install configuration: ""
[79.710s] -- Installing: /home/sunrise/example/install/dnn_node_sample/lib/dnn_node_sample/dnn_node_sample
[79.739s] -- Set runtime path of "/home/sunrise/example/install/dnn_node_sample/lib/dnn_node_sample/dnn_node_sample" to ""
[79.740s] -- Up-to-date: /home/sunrise/example/install/dnn_node_sample/lib/dnn_node_sample/config/
[79.740s] -- Up-to-date: /home/sunrise/example/install/dnn_node_sample/lib/dnn_node_sample/config//target.jpg
[79.741s] -- Installing: /home/sunrise/example/install/dnn_node_sample/lib/dnn_node_sample/config//result.jpg
[79.741s] -- Up-to-date: /home/sunrise/example/install/dnn_node_sample/lib/dnn_node_sample/config//yolov8_x5_640x640_rgb.bin
[79.742s] -- Installing: /home/sunrise/example/install/dnn_node_sample/lib/dnn_node_sample/config//yolov8_x5_640x640_nv12_v2.bin
[79.803s] -- Up-to-date: /home/sunrise/example/install/dnn_node_sample/share/dnn_node_sample/launch
[79.803s] -- Up-to-date: /home/sunrise/example/install/dnn_node_sample/share/dnn_node_sample/launch/dnn_node_sample.launch.py
[79.804s] -- Installing: /home/sunrise/example/install/dnn_node_sample/share/ament_index/resource_index/package_run_dependencies/dnn_node_sample
[79.807s] -- Up-to-date: /home/sunrise/example/install/dnn_node_sample/share/ament_index/resource_index/parent_prefix_path/dnn_node_sample
[79.808s] -- Up-to-date: /home/sunrise/example/install/dnn_node_sample/share/dnn_node_sample/environment/ament_prefix_path.sh
[79.808s] -- Installing: /home/sunrise/example/install/dnn_node_sample/share/dnn_node_sample/environment/ament_prefix_path.dsv
[79.809s] -- Up-to-date: /home/sunrise/example/install/dnn_node_sample/share/dnn_node_sample/environment/path.sh
[79.810s] -- Installing: /home/sunrise/example/install/dnn_node_sample/share/dnn_node_sample/environment/path.dsv
[79.811s] -- Up-to-date: /home/sunrise/example/install/dnn_node_sample/share/dnn_node_sample/local_setup.bash
[79.812s] -- Up-to-date: /home/sunrise/example/install/dnn_node_sample/share/dnn_node_sample/local_setup.sh
[79.812s] -- Up-to-date: /home/sunrise/example/install/dnn_node_sample/share/dnn_node_sample/local_setup.zsh
[79.813s] -- Installing: /home/sunrise/example/install/dnn_node_sample/share/dnn_node_sample/local_setup.dsv
[79.813s] -- Installing: /home/sunrise/example/install/dnn_node_sample/share/dnn_node_sample/package.dsv
[79.814s] -- Up-to-date: /home/sunrise/example/install/dnn_node_sample/share/ament_index/resource_index/packages/dnn_node_sample
[79.815s] -- Up-to-date: /home/sunrise/example/install/dnn_node_sample/share/dnn_node_sample/cmake/dnn_node_sampleConfig.cmake
[79.815s] -- Up-to-date: /home/sunrise/example/install/dnn_node_sample/share/dnn_node_sample/cmake/dnn_node_sampleConfig-version.cmake
[79.816s] -- Installing: /home/sunrise/example/install/dnn_node_sample/share/dnn_node_sample/package.xml
[79.825s] Invoked command in '/home/sunrise/example/build/dnn_node_sample' returned '0': CMAKE_PREFIX_PATH=/opt/tros/humble:/opt/ros/humble /usr/bin/cmake --install /home/sunrise/example/build/dnn_node_sample
