[0.052s] Invoking command in '/home/sunrise/example/build/dnn_node_sample': CMAKE_PREFIX_PATH=${CMAKE_PREFIX_PATH}:/opt/tros/humble:/opt/ros/humble /usr/bin/cmake --build /home/sunrise/example/build/dnn_node_sample -- -j8 -l8
[0.254s] [35m[1mConsolidate compiler generated dependencies of target dnn_node_sample[0m
[0.353s] [ 33%] [32mBuilding CXX object CMakeFiles/dnn_node_sample.dir/src/parser.cpp.o[0m
[18.560s] [ 66%] [32m[1mLinking CXX executable dnn_node_sample[0m
[22.547s] [100%] Built target dnn_node_sample
[22.799s] Invoked command in '/home/sunrise/example/build/dnn_node_sample' returned '0': CMAKE_PREFIX_PATH=${CMAKE_PREFIX_PATH}:/opt/tros/humble:/opt/ros/humble /usr/bin/cmake --build /home/sunrise/example/build/dnn_node_sample -- -j8 -l8
[22.841s] Invoking command in '/home/sunrise/example/build/dnn_node_sample': CMAKE_PREFIX_PATH=${CMAKE_PREFIX_PATH}:/opt/tros/humble:/opt/ros/humble /usr/bin/cmake --install /home/sunrise/example/build/dnn_node_sample
[22.873s] -- Install configuration: ""
[22.874s] -- Installing: /home/sunrise/example/install/dnn_node_sample/lib/dnn_node_sample/dnn_node_sample
[22.884s] -- Set runtime path of "/home/sunrise/example/install/dnn_node_sample/lib/dnn_node_sample/dnn_node_sample" to ""
[22.885s] -- Up-to-date: /home/sunrise/example/install/dnn_node_sample/lib/dnn_node_sample/config/
[22.886s] -- Up-to-date: /home/sunrise/example/install/dnn_node_sample/lib/dnn_node_sample/config//target.jpg
[22.886s] -- Installing: /home/sunrise/example/install/dnn_node_sample/lib/dnn_node_sample/config//result.jpg
[22.887s] -- Up-to-date: /home/sunrise/example/install/dnn_node_sample/lib/dnn_node_sample/config//yolov8_x5_640x640_rgb.bin
[22.887s] -- Installing: /home/sunrise/example/install/dnn_node_sample/lib/dnn_node_sample/config//yolov8_x5_640x640_nv12_v2.bin
[22.921s] -- Up-to-date: /home/sunrise/example/install/dnn_node_sample/lib/dnn_node_sample/config//1.jpg
[22.922s] -- Up-to-date: /home/sunrise/example/install/dnn_node_sample/share/dnn_node_sample/launch
[22.923s] -- Up-to-date: /home/sunrise/example/install/dnn_node_sample/share/dnn_node_sample/launch/dnn_node_sample.launch.py
[22.923s] -- Up-to-date: /home/sunrise/example/install/dnn_node_sample/share/ament_index/resource_index/package_run_dependencies/dnn_node_sample
[22.924s] -- Up-to-date: /home/sunrise/example/install/dnn_node_sample/share/ament_index/resource_index/parent_prefix_path/dnn_node_sample
[22.925s] -- Up-to-date: /home/sunrise/example/install/dnn_node_sample/share/dnn_node_sample/environment/ament_prefix_path.sh
[22.925s] -- Up-to-date: /home/sunrise/example/install/dnn_node_sample/share/dnn_node_sample/environment/ament_prefix_path.dsv
[22.925s] -- Up-to-date: /home/sunrise/example/install/dnn_node_sample/share/dnn_node_sample/environment/path.sh
[22.926s] -- Up-to-date: /home/sunrise/example/install/dnn_node_sample/share/dnn_node_sample/environment/path.dsv
[22.926s] -- Up-to-date: /home/sunrise/example/install/dnn_node_sample/share/dnn_node_sample/local_setup.bash
[22.927s] -- Up-to-date: /home/sunrise/example/install/dnn_node_sample/share/dnn_node_sample/local_setup.sh
[22.927s] -- Up-to-date: /home/sunrise/example/install/dnn_node_sample/share/dnn_node_sample/local_setup.zsh
[22.928s] -- Up-to-date: /home/sunrise/example/install/dnn_node_sample/share/dnn_node_sample/local_setup.dsv
[22.928s] -- Installing: /home/sunrise/example/install/dnn_node_sample/share/dnn_node_sample/package.dsv
[22.928s] -- Up-to-date: /home/sunrise/example/install/dnn_node_sample/share/ament_index/resource_index/packages/dnn_node_sample
[22.929s] -- Up-to-date: /home/sunrise/example/install/dnn_node_sample/share/dnn_node_sample/cmake/dnn_node_sampleConfig.cmake
[22.929s] -- Up-to-date: /home/sunrise/example/install/dnn_node_sample/share/dnn_node_sample/cmake/dnn_node_sampleConfig-version.cmake
[22.930s] -- Up-to-date: /home/sunrise/example/install/dnn_node_sample/share/dnn_node_sample/package.xml
[22.934s] Invoked command in '/home/sunrise/example/build/dnn_node_sample' returned '0': CMAKE_PREFIX_PATH=${CMAKE_PREFIX_PATH}:/opt/tros/humble:/opt/ros/humble /usr/bin/cmake --install /home/sunrise/example/build/dnn_node_sample
