[0.052s] Invoking command in '/home/sunrise/example/build/dnn_node_sample': CMAKE_PREFIX_PATH=${CMAKE_PREFIX_PATH}:/opt/tros/humble:/opt/ros/humble /usr/bin/cmake --build /home/sunrise/example/build/dnn_node_sample -- -j8 -l8
[0.249s] [35m[1mConsolidate compiler generated dependencies of target dnn_node_sample[0m
[0.349s] [ 33%] [32mBuilding CXX object CMakeFiles/dnn_node_sample.dir/src/parser.cpp.o[0m
[20.719s] [ 66%] [32m[1mLinking CXX executable dnn_node_sample[0m
[24.863s] [100%] Built target dnn_node_sample
[24.914s] Invoked command in '/home/sunrise/example/build/dnn_node_sample' returned '0': CMAKE_PREFIX_PATH=${CMAKE_PREFIX_PATH}:/opt/tros/humble:/opt/ros/humble /usr/bin/cmake --build /home/sunrise/example/build/dnn_node_sample -- -j8 -l8
[24.958s] Invoking command in '/home/sunrise/example/build/dnn_node_sample': CMAKE_PREFIX_PATH=${CMAKE_PREFIX_PATH}:/opt/tros/humble:/opt/ros/humble /usr/bin/cmake --install /home/sunrise/example/build/dnn_node_sample
[24.992s] -- Install configuration: ""
[24.993s] -- Installing: /home/sunrise/example/install/dnn_node_sample/lib/dnn_node_sample/dnn_node_sample
[25.004s] -- Set runtime path of "/home/sunrise/example/install/dnn_node_sample/lib/dnn_node_sample/dnn_node_sample" to ""
[25.005s] -- Up-to-date: /home/sunrise/example/install/dnn_node_sample/lib/dnn_node_sample/config/
[25.005s] -- Up-to-date: /home/sunrise/example/install/dnn_node_sample/lib/dnn_node_sample/config//target.jpg
[25.006s] -- Installing: /home/sunrise/example/install/dnn_node_sample/lib/dnn_node_sample/config//result.jpg
[25.007s] -- Up-to-date: /home/sunrise/example/install/dnn_node_sample/lib/dnn_node_sample/config//yolov8_x5_640x640_rgb.bin
[25.008s] -- Up-to-date: /home/sunrise/example/install/dnn_node_sample/lib/dnn_node_sample/config//yolov8_x5_640x640_nv12_v2.bin
[25.008s] -- Up-to-date: /home/sunrise/example/install/dnn_node_sample/lib/dnn_node_sample/config//1.jpg
[25.009s] -- Up-to-date: /home/sunrise/example/install/dnn_node_sample/share/dnn_node_sample/launch
[25.009s] -- Up-to-date: /home/sunrise/example/install/dnn_node_sample/share/dnn_node_sample/launch/dnn_node_sample.launch.py
[25.010s] -- Up-to-date: /home/sunrise/example/install/dnn_node_sample/share/ament_index/resource_index/package_run_dependencies/dnn_node_sample
[25.011s] -- Up-to-date: /home/sunrise/example/install/dnn_node_sample/share/ament_index/resource_index/parent_prefix_path/dnn_node_sample
[25.011s] -- Up-to-date: /home/sunrise/example/install/dnn_node_sample/share/dnn_node_sample/environment/ament_prefix_path.sh
[25.011s] -- Up-to-date: /home/sunrise/example/install/dnn_node_sample/share/dnn_node_sample/environment/ament_prefix_path.dsv
[25.012s] -- Up-to-date: /home/sunrise/example/install/dnn_node_sample/share/dnn_node_sample/environment/path.sh
[25.012s] -- Up-to-date: /home/sunrise/example/install/dnn_node_sample/share/dnn_node_sample/environment/path.dsv
[25.013s] -- Up-to-date: /home/sunrise/example/install/dnn_node_sample/share/dnn_node_sample/local_setup.bash
[25.013s] -- Up-to-date: /home/sunrise/example/install/dnn_node_sample/share/dnn_node_sample/local_setup.sh
[25.014s] -- Up-to-date: /home/sunrise/example/install/dnn_node_sample/share/dnn_node_sample/local_setup.zsh
[25.014s] -- Up-to-date: /home/sunrise/example/install/dnn_node_sample/share/dnn_node_sample/local_setup.dsv
[25.014s] -- Installing: /home/sunrise/example/install/dnn_node_sample/share/dnn_node_sample/package.dsv
[25.015s] -- Up-to-date: /home/sunrise/example/install/dnn_node_sample/share/ament_index/resource_index/packages/dnn_node_sample
[25.015s] -- Up-to-date: /home/sunrise/example/install/dnn_node_sample/share/dnn_node_sample/cmake/dnn_node_sampleConfig.cmake
[25.016s] -- Up-to-date: /home/sunrise/example/install/dnn_node_sample/share/dnn_node_sample/cmake/dnn_node_sampleConfig-version.cmake
[25.016s] -- Up-to-date: /home/sunrise/example/install/dnn_node_sample/share/dnn_node_sample/package.xml
[25.020s] Invoked command in '/home/sunrise/example/build/dnn_node_sample' returned '0': CMAKE_PREFIX_PATH=${CMAKE_PREFIX_PATH}:/opt/tros/humble:/opt/ros/humble /usr/bin/cmake --install /home/sunrise/example/build/dnn_node_sample
